<?xml version="1.0" encoding="UTF-8"?>
<!-- Generated by org.testng.reporters.JUnitReportReporter -->
<testsuite hostname="LAPTOP-GLV165CP" failures="0" tests="8" name="AlmosaferTest.MyTestCases" time="17.675" errors="0" timestamp="2025-01-15T21:30:35 EET" skipped="0">
  <testcase classname="AlmosaferTest.MyTestCases" name="DefaultLanguageIsEnglish" time="0.062"/>
  <system-out/>
  <testcase classname="AlmosaferTest.MyTestCases" name="DefaultCurrencyIsSar" time="0.031"/>
  <system-out/>
  <testcase classname="AlmosaferTest.MyTestCases" name="ContactNumberIsCorrect" time="0.026"/>
  <system-out/>
  <testcase classname="AlmosaferTest.MyTestCases" name="QitafLogoIsDisplayed" time="0.060"/>
  <system-out/>
  <testcase classname="AlmosaferTest.MyTestCases" name="HotelTabIsNotSelected" time="0.020"/>
  <system-out/>
  <testcase classname="AlmosaferTest.MyTestCases" name="CheckDepartureDate" time="0.033"/>
  <system-out/>
  <testcase classname="AlmosaferTest.MyTestCases" name="CheckReturnDate" time="0.024"/>
  <system-out/>
  <testcase classname="AlmosaferTest.MyTestCases" name="RandomlyChangeWebsiteLanguage" time="17.419"/>
  <system-out/>
</testsuite> <!-- AlmosaferTest.MyTestCases -->
